<?xml version="1.0" encoding="UTF-8"?>
<testng-results ignored="0" total="1" passed="1" failed="0" skipped="0">
  <reporter-output>
  </reporter-output>
  <suite started-at="2018-11-17T21:38:57 EST" name="Default Suite" finished-at="2018-11-17T21:38:57 EST" duration-ms="46">
    <groups>
    </groups>
    <test started-at="2018-11-17T21:38:57 EST" name="GlobalVariables" finished-at="2018-11-17T21:38:57 EST" duration-ms="46">
      <class name="parameters.login">
        <test-method signature="loginfunction()[pri:0, instance:parameters.login@3d680b5a]" started-at="2018-11-17T21:38:57 EST" name="loginfunction" finished-at="2018-11-17T21:38:57 EST" duration-ms="12" status="PASS">
          <reporter-output>
          </reporter-output>
        </test-method> <!-- loginfunction -->
      </class> <!-- parameters.login -->
    </test> <!-- GlobalVariables -->
  </suite> <!-- Default Suite -->
</testng-results>
